# JRE version: Java(TM) SE Runtime Environment (8.0_162-b12) (build 1.8.0_162-b12)
# Java VM: Java HotSpot(TM) 64-Bit Server VM (25.162-b12 mixed mode bsd-amd64 compressed oops)
Heap:
 PSYoungGen      total 236032K, used 189005K [0x0000000795580000, 0x00000007ad400000, 0x00000007c0000000)
  eden space 220160K, 78% used [0x0000000795580000,0x000000079fe96820,0x00000007a2c80000)
  from space 15872K, 99% used [0x00000007a2c80000,0x00000007a3bfce88,0x00000007a3c00000)
  to   space 20480K, 0% used [0x00000007ac000000,0x00000007ac000000,0x00000007ad400000)
 ParOldGen       total 88576K, used 23388K [0x0000000740000000, 0x0000000745680000, 0x0000000795580000)
  object space 88576K, 26% used [0x0000000740000000,0x00000007416d70a0,0x0000000745680000)
 Metaspace       used 50785K, capacity 52274K, committed 52440K, reserved 1093632K
  class space    used 6967K, capacity 7351K, committed 7384K, reserved 1048576K
GC Heap History (10 events):
Event: 3.233 GC heap before
{Heap before GC invocations=5 (full 1):
 PSYoungGen      total 138240K, used 5088K [0x0000000795580000, 0x000000079e180000, 0x00000007c0000000)
  eden space 133120K, 0% used [0x0000000795580000,0x0000000795580000,0x000000079d780000)
  from space 5120K, 99% used [0x000000079dc80000,0x000000079e178030,0x000000079e180000)
  to   space 5120K, 0% used [0x000000079d780000,0x000000079d780000,0x000000079dc80000)
 ParOldGen       total 87552K, used 8893K [0x0000000740000000, 0x0000000745580000, 0x0000000795580000)
  object space 87552K, 10% used [0x0000000740000000,0x00000007408af618,0x0000000745580000)
 Metaspace       used 20837K, capacity 21056K, committed 21248K, reserved 1067008K
  class space    used 2874K, capacity 2966K, committed 3072K, reserved 1048576K
Event: 3.278 GC heap after
Heap after GC invocations=5 (full 1):
 PSYoungGen      total 138240K, used 0K [0x0000000795580000, 0x000000079e180000, 0x00000007c0000000)
  eden space 133120K, 0% used [0x0000000795580000,0x0000000795580000,0x000000079d780000)
  from space 5120K, 0% used [0x000000079dc80000,0x000000079dc80000,0x000000079e180000)
  to   space 5120K, 0% used [0x000000079d780000,0x000000079d780000,0x000000079dc80000)
 ParOldGen       total 58880K, used 8333K [0x0000000740000000, 0x0000000743980000, 0x0000000795580000)
  object space 58880K, 14% used [0x0000000740000000,0x0000000740823598,0x0000000743980000)
 Metaspace       used 20837K, capacity 21056K, committed 21248K, reserved 1067008K
  class space    used 2874K, capacity 2966K, committed 3072K, reserved 1048576K
}
Event: 6.280 GC heap before
{Heap before GC invocations=6 (full 1):
 PSYoungGen      total 138240K, used 133120K [0x0000000795580000, 0x000000079e180000, 0x00000007c0000000)
  eden space 133120K, 100% used [0x0000000795580000,0x000000079d780000,0x000000079d780000)
  from space 5120K, 0% used [0x000000079dc80000,0x000000079dc80000,0x000000079e180000)
  to   space 5120K, 0% used [0x000000079d780000,0x000000079d780000,0x000000079dc80000)
 ParOldGen       total 58880K, used 8333K [0x0000000740000000, 0x0000000743980000, 0x0000000795580000)
  object space 58880K, 14% used [0x0000000740000000,0x0000000740823598,0x0000000743980000)
 Metaspace       used 30953K, capacity 31504K, committed 32000K, reserved 1077248K
  class space    used 4280K, capacity 4487K, committed 4608K, reserved 1048576K
Event: 6.307 GC heap after
Heap after GC invocations=6 (full 1):
 PSYoungGen      total 138240K, used 5108K [0x0000000795580000, 0x00000007a4d00000, 0x00000007c0000000)
  eden space 133120K, 0% used [0x0000000795580000,0x0000000795580000,0x000000079d780000)
  from space 5120K, 99% used [0x000000079d780000,0x000000079dc7d3b0,0x000000079dc80000)
  to   space 14848K, 0% used [0x00000007a3e80000,0x00000007a3e80000,0x00000007a4d00000)
 ParOldGen       total 58880K, used 15280K [0x0000000740000000, 0x0000000743980000, 0x0000000795580000)
  object space 58880K, 25% used [0x0000000740000000,0x0000000740eec3c0,0x0000000743980000)
 Metaspace       used 30953K, capacity 31504K, committed 32000K, reserved 1077248K
  class space    used 4280K, capacity 4487K, committed 4608K, reserved 1048576K
}
Event: 7.431 GC heap before
{Heap before GC invocations=7 (full 1):
 PSYoungGen      total 138240K, used 77152K [0x0000000795580000, 0x00000007a4d00000, 0x00000007c0000000)
  eden space 133120K, 54% used [0x0000000795580000,0x0000000799bdafb8,0x000000079d780000)
  from space 5120K, 99% used [0x000000079d780000,0x000000079dc7d3b0,0x000000079dc80000)
  to   space 14848K, 0% used [0x00000007a3e80000,0x00000007a3e80000,0x00000007a4d00000)
 ParOldGen       total 58880K, used 15280K [0x0000000740000000, 0x0000000743980000, 0x0000000795580000)
  object space 58880K, 25% used [0x0000000740000000,0x0000000740eec3c0,0x0000000743980000)
 Metaspace       used 34535K, capacity 35194K, committed 35416K, reserved 1079296K
  class space    used 4756K, capacity 4926K, committed 4952K, reserved 1048576K
Event: 7.449 GC heap after
Heap after GC invocations=7 (full 1):
 PSYoungGen      total 233472K, used 11981K [0x0000000795580000, 0x00000007a4b80000, 0x00000007c0000000)
  eden space 220160K, 0% used [0x0000000795580000,0x0000000795580000,0x00000007a2c80000)
  from space 13312K, 90% used [0x00000007a3e80000,0x00000007a4a336c0,0x00000007a4b80000)
  to   space 15872K, 0% used [0x00000007a2c80000,0x00000007a2c80000,0x00000007a3c00000)
 ParOldGen       total 58880K, used 15288K [0x0000000740000000, 0x0000000743980000, 0x0000000795580000)
  object space 58880K, 25% used [0x0000000740000000,0x0000000740eee3c0,0x0000000743980000)
 Metaspace       used 34535K, capacity 35194K, committed 35416K, reserved 1079296K
  class space    used 4756K, capacity 4926K, committed 4952K, reserved 1048576K
}
Event: 7.449 GC heap before
{Heap before GC invocations=8 (full 2):
 PSYoungGen      total 233472K, used 11981K [0x0000000795580000, 0x00000007a4b80000, 0x00000007c0000000)
  eden space 220160K, 0% used [0x0000000795580000,0x0000000795580000,0x00000007a2c80000)
  from space 13312K, 90% used [0x00000007a3e80000,0x00000007a4a336c0,0x00000007a4b80000)
  to   space 15872K, 0% used [0x00000007a2c80000,0x00000007a2c80000,0x00000007a3c00000)
 ParOldGen       total 58880K, used 15288K [0x0000000740000000, 0x0000000743980000, 0x0000000795580000)
  object space 58880K, 25% used [0x0000000740000000,0x0000000740eee3c0,0x0000000743980000)
 Metaspace       used 34535K, capacity 35194K, committed 35416K, reserved 1079296K
  class space    used 4756K, capacity 4926K, committed 4952K, reserved 1048576K
Event: 7.517 GC heap after
Heap after GC invocations=8 (full 2):
 PSYoungGen      total 233472K, used 0K [0x0000000795580000, 0x00000007a4b80000, 0x00000007c0000000)
  eden space 220160K, 0% used [0x0000000795580000,0x0000000795580000,0x00000007a2c80000)
  from space 13312K, 0% used [0x00000007a3e80000,0x00000007a3e80000,0x00000007a4b80000)
  to   space 15872K, 0% used [0x00000007a2c80000,0x00000007a2c80000,0x00000007a3c00000)
 ParOldGen       total 88576K, used 20118K [0x0000000740000000, 0x0000000745680000, 0x0000000795580000)
  object space 88576K, 22% used [0x0000000740000000,0x00000007413a5868,0x0000000745680000)
 Metaspace       used 34535K, capacity 35194K, committed 35416K, reserved 1079296K
  class space    used 4756K, capacity 4926K, committed 4952K, reserved 1048576K
}
Event: 12.010 GC heap before
{Heap before GC invocations=9 (full 2):
 PSYoungGen      total 233472K, used 220160K [0x0000000795580000, 0x00000007a4b80000, 0x00000007c0000000)
  eden space 220160K, 100% used [0x0000000795580000,0x00000007a2c80000,0x00000007a2c80000)
  from space 13312K, 0% used [0x00000007a3e80000,0x00000007a3e80000,0x00000007a4b80000)
  to   space 15872K, 0% used [0x00000007a2c80000,0x00000007a2c80000,0x00000007a3c00000)
 ParOldGen       total 88576K, used 20118K [0x0000000740000000, 0x0000000745680000, 0x0000000795580000)
  object space 88576K, 22% used [0x0000000740000000,0x00000007413a5868,0x0000000745680000)
 Metaspace       used 47574K, capacity 48922K, committed 48984K, reserved 1091584K
  class space    used 6590K, capacity 6957K, committed 7000K, reserved 1048576K
Event: 12.055 GC heap after
Heap after GC invocations=9 (full 2):
 PSYoungGen      total 236032K, used 15859K [0x0000000795580000, 0x00000007ad400000, 0x00000007c0000000)
  eden space 220160K, 0% used [0x0000000795580000,0x0000000795580000,0x00000007a2c80000)
  from space 15872K, 99% used [0x00000007a2c80000,0x00000007a3bfce88,0x00000007a3c00000)
  to   space 20480K, 0% used [0x00000007ac000000,0x00000007ac000000,0x00000007ad400000)
 ParOldGen       total 88576K, used 23388K [0x0000000740000000, 0x0000000745680000, 0x0000000795580000)
  object space 88576K, 26% used [0x0000000740000000,0x00000007416d70a0,0x0000000745680000)
 Metaspace       used 47574K, capacity 48922K, committed 48984K, reserved 1091584K
  class space    used 6590K, capacity 6957K, committed 7000K, reserved 1048576K
}

