# JRE version: Java(TM) SE Runtime Environment (8.0_162-b12) (build 1.8.0_162-b12)
# Java VM: Java HotSpot(TM) 64-Bit Server VM (25.162-b12 mixed mode bsd-amd64 compressed oops)
Heap:
 PSYoungGen      total 230400K, used 4624K [0x0000000795580000, 0x00000007a4980000, 0x00000007c0000000)
  eden space 215552K, 2% used [0x0000000795580000,0x0000000795a041c0,0x00000007a2800000)
  from space 14848K, 0% used [0x00000007a3880000,0x00000007a3880000,0x00000007a4700000)
  to   space 16896K, 0% used [0x00000007a2800000,0x00000007a2800000,0x00000007a3880000)
 ParOldGen       total 94208K, used 21484K [0x0000000740000000, 0x0000000745c00000, 0x0000000795580000)
  object space 94208K, 22% used [0x0000000740000000,0x00000007414fb230,0x0000000745c00000)
 Metaspace       used 34701K, capacity 35466K, committed 35800K, reserved 1079296K
  class space    used 4806K, capacity 5042K, committed 5120K, reserved 1048576K
GC Heap History (10 events):
Event: 2.341 GC heap before
{Heap before GC invocations=4 (full 0):
 PSYoungGen      total 71680K, used 13084K [0x0000000795580000, 0x000000079e180000, 0x00000007c0000000)
  eden space 66560K, 11% used [0x0000000795580000,0x0000000795d4b2a8,0x0000000799680000)
  from space 5120K, 99% used [0x0000000799680000,0x0000000799b7c020,0x0000000799b80000)
  to   space 5120K, 0% used [0x000000079dc80000,0x000000079dc80000,0x000000079e180000)
 ParOldGen       total 87552K, used 8320K [0x0000000740000000, 0x0000000745580000, 0x0000000795580000)
  object space 87552K, 9% used [0x0000000740000000,0x0000000740820378,0x0000000745580000)
 Metaspace       used 20891K, capacity 21112K, committed 21248K, reserved 1067008K
  class space    used 2876K, capacity 2966K, committed 3072K, reserved 1048576K
Event: 2.351 GC heap after
Heap after GC invocations=4 (full 0):
 PSYoungGen      total 138240K, used 5093K [0x0000000795580000, 0x000000079e180000, 0x00000007c0000000)
  eden space 133120K, 0% used [0x0000000795580000,0x0000000795580000,0x000000079d780000)
  from space 5120K, 99% used [0x000000079dc80000,0x000000079e1796f8,0x000000079e180000)
  to   space 5120K, 0% used [0x000000079d780000,0x000000079d780000,0x000000079dc80000)
 ParOldGen       total 87552K, used 8996K [0x0000000740000000, 0x0000000745580000, 0x0000000795580000)
  object space 87552K, 10% used [0x0000000740000000,0x00000007408c9148,0x0000000745580000)
 Metaspace       used 20891K, capacity 21112K, committed 21248K, reserved 1067008K
  class space    used 2876K, capacity 2966K, committed 3072K, reserved 1048576K
}
Event: 2.351 GC heap before
{Heap before GC invocations=5 (full 1):
 PSYoungGen      total 138240K, used 5093K [0x0000000795580000, 0x000000079e180000, 0x00000007c0000000)
  eden space 133120K, 0% used [0x0000000795580000,0x0000000795580000,0x000000079d780000)
  from space 5120K, 99% used [0x000000079dc80000,0x000000079e1796f8,0x000000079e180000)
  to   space 5120K, 0% used [0x000000079d780000,0x000000079d780000,0x000000079dc80000)
 ParOldGen       total 87552K, used 8996K [0x0000000740000000, 0x0000000745580000, 0x0000000795580000)
  object space 87552K, 10% used [0x0000000740000000,0x00000007408c9148,0x0000000745580000)
 Metaspace       used 20891K, capacity 21112K, committed 21248K, reserved 1067008K
  class space    used 2876K, capacity 2966K, committed 3072K, reserved 1048576K
Event: 2.388 GC heap after
Heap after GC invocations=5 (full 1):
 PSYoungGen      total 138240K, used 0K [0x0000000795580000, 0x000000079e180000, 0x00000007c0000000)
  eden space 133120K, 0% used [0x0000000795580000,0x0000000795580000,0x000000079d780000)
  from space 5120K, 0% used [0x000000079dc80000,0x000000079dc80000,0x000000079e180000)
  to   space 5120K, 0% used [0x000000079d780000,0x000000079d780000,0x000000079dc80000)
 ParOldGen       total 59904K, used 8457K [0x0000000740000000, 0x0000000743a80000, 0x0000000795580000)
  object space 59904K, 14% used [0x0000000740000000,0x0000000740842710,0x0000000743a80000)
 Metaspace       used 20891K, capacity 21112K, committed 21248K, reserved 1067008K
  class space    used 2876K, capacity 2966K, committed 3072K, reserved 1048576K
}
Event: 4.659 GC heap before
{Heap before GC invocations=6 (full 1):
 PSYoungGen      total 138240K, used 133120K [0x0000000795580000, 0x000000079e180000, 0x00000007c0000000)
  eden space 133120K, 100% used [0x0000000795580000,0x000000079d780000,0x000000079d780000)
  from space 5120K, 0% used [0x000000079dc80000,0x000000079dc80000,0x000000079e180000)
  to   space 5120K, 0% used [0x000000079d780000,0x000000079d780000,0x000000079dc80000)
 ParOldGen       total 59904K, used 8457K [0x0000000740000000, 0x0000000743a80000, 0x0000000795580000)
  object space 59904K, 14% used [0x0000000740000000,0x0000000740842710,0x0000000743a80000)
 Metaspace       used 30976K, capacity 31496K, committed 31744K, reserved 1077248K
  class space    used 4279K, capacity 4487K, committed 4608K, reserved 1048576K
Event: 4.675 GC heap after
Heap after GC invocations=6 (full 1):
 PSYoungGen      total 138240K, used 5106K [0x0000000795580000, 0x00000007a4700000, 0x00000007c0000000)
  eden space 133120K, 0% used [0x0000000795580000,0x0000000795580000,0x000000079d780000)
  from space 5120K, 99% used [0x000000079d780000,0x000000079dc7c940,0x000000079dc80000)
  to   space 14848K, 0% used [0x00000007a3880000,0x00000007a3880000,0x00000007a4700000)
 ParOldGen       total 59904K, used 15352K [0x0000000740000000, 0x0000000743a80000, 0x0000000795580000)
  object space 59904K, 25% used [0x0000000740000000,0x0000000740efe2f0,0x0000000743a80000)
 Metaspace       used 30976K, capacity 31496K, committed 31744K, reserved 1077248K
  class space    used 4279K, capacity 4487K, committed 4608K, reserved 1048576K
}
Event: 5.562 GC heap before
{Heap before GC invocations=7 (full 1):
 PSYoungGen      total 138240K, used 83572K [0x0000000795580000, 0x00000007a4700000, 0x00000007c0000000)
  eden space 133120K, 58% used [0x0000000795580000,0x000000079a220850,0x000000079d780000)
  from space 5120K, 99% used [0x000000079d780000,0x000000079dc7c940,0x000000079dc80000)
  to   space 14848K, 0% used [0x00000007a3880000,0x00000007a3880000,0x00000007a4700000)
 ParOldGen       total 59904K, used 15352K [0x0000000740000000, 0x0000000743a80000, 0x0000000795580000)
  object space 59904K, 25% used [0x0000000740000000,0x0000000740efe2f0,0x0000000743a80000)
 Metaspace       used 34623K, capacity 35324K, committed 35416K, reserved 1079296K
  class space    used 4786K, capacity 4992K, committed 4992K, reserved 1048576K
Event: 5.582 GC heap after
Heap after GC invocations=7 (full 1):
 PSYoungGen      total 230400K, used 13267K [0x0000000795580000, 0x00000007a4980000, 0x00000007c0000000)
  eden space 215552K, 0% used [0x0000000795580000,0x0000000795580000,0x00000007a2800000)
  from space 14848K, 89% used [0x00000007a3880000,0x00000007a4574e88,0x00000007a4700000)
  to   space 16896K, 0% used [0x00000007a2800000,0x00000007a2800000,0x00000007a3880000)
 ParOldGen       total 59904K, used 15360K [0x0000000740000000, 0x0000000743a80000, 0x0000000795580000)
  object space 59904K, 25% used [0x0000000740000000,0x0000000740f002f0,0x0000000743a80000)
 Metaspace       used 34623K, capacity 35324K, committed 35416K, reserved 1079296K
  class space    used 4786K, capacity 4992K, committed 4992K, reserved 1048576K
}
Event: 5.582 GC heap before
{Heap before GC invocations=8 (full 2):
 PSYoungGen      total 230400K, used 13267K [0x0000000795580000, 0x00000007a4980000, 0x00000007c0000000)
  eden space 215552K, 0% used [0x0000000795580000,0x0000000795580000,0x00000007a2800000)
  from space 14848K, 89% used [0x00000007a3880000,0x00000007a4574e88,0x00000007a4700000)
  to   space 16896K, 0% used [0x00000007a2800000,0x00000007a2800000,0x00000007a3880000)
 ParOldGen       total 59904K, used 15360K [0x0000000740000000, 0x0000000743a80000, 0x0000000795580000)
  object space 59904K, 25% used [0x0000000740000000,0x0000000740f002f0,0x0000000743a80000)
 Metaspace       used 34623K, capacity 35324K, committed 35416K, reserved 1079296K
  class space    used 4786K, capacity 4992K, committed 4992K, reserved 1048576K
Event: 5.653 GC heap after
Heap after GC invocations=8 (full 2):
 PSYoungGen      total 230400K, used 0K [0x0000000795580000, 0x00000007a4980000, 0x00000007c0000000)
  eden space 215552K, 0% used [0x0000000795580000,0x0000000795580000,0x00000007a2800000)
  from space 14848K, 0% used [0x00000007a3880000,0x00000007a3880000,0x00000007a4700000)
  to   space 16896K, 0% used [0x00000007a2800000,0x00000007a2800000,0x00000007a3880000)
 ParOldGen       total 94208K, used 21484K [0x0000000740000000, 0x0000000745c00000, 0x0000000795580000)
  object space 94208K, 22% used [0x0000000740000000,0x00000007414fb230,0x0000000745c00000)
 Metaspace       used 34623K, capacity 35324K, committed 35416K, reserved 1079296K
  class space    used 4786K, capacity 4992K, committed 4992K, reserved 1048576K
}

