# JRE version: Java(TM) SE Runtime Environment (8.0_162-b12) (build 1.8.0_162-b12)
# Java VM: Java HotSpot(TM) 64-Bit Server VM (25.162-b12 mixed mode bsd-amd64 compressed oops)
Heap:
 PSYoungGen      total 71680K, used 57279K [0x0000000795580000, 0x000000079ec80000, 0x00000007c0000000)
  eden space 66560K, 86% used [0x0000000795580000,0x0000000798d6fda8,0x0000000799680000)
  from space 5120K, 0% used [0x0000000799680000,0x0000000799680000,0x0000000799b80000)
  to   space 10752K, 0% used [0x000000079e200000,0x000000079e200000,0x000000079ec80000)
 ParOldGen       total 55808K, used 7711K [0x0000000740000000, 0x0000000743680000, 0x0000000795580000)
  object space 55808K, 13% used [0x0000000740000000,0x0000000740787c10,0x0000000743680000)
 Metaspace       used 26050K, capacity 26478K, committed 26624K, reserved 1073152K
  class space    used 3664K, capacity 3832K, committed 3840K, reserved 1048576K
GC Heap History (10 events):
Event: 1.657 GC heap before
{Heap before GC invocations=2 (full 0):
 PSYoungGen      total 38400K, used 38297K [0x0000000795580000, 0x0000000798000000, 0x00000007c0000000)
  eden space 33280K, 100% used [0x0000000795580000,0x0000000797600000,0x0000000797600000)
  from space 5120K, 97% used [0x0000000797600000,0x0000000797ae6430,0x0000000797b00000)
  to   space 5120K, 0% used [0x0000000797b00000,0x0000000797b00000,0x0000000798000000)
 ParOldGen       total 87552K, used 8K [0x0000000740000000, 0x0000000745580000, 0x0000000795580000)
  object space 87552K, 0% used [0x0000000740000000,0x0000000740002000,0x0000000745580000)
 Metaspace       used 11647K, capacity 11832K, committed 11904K, reserved 1058816K
  class space    used 1589K, capacity 1640K, committed 1664K, reserved 1048576K
Event: 1.668 GC heap after
Heap after GC invocations=2 (full 0):
 PSYoungGen      total 38400K, used 5096K [0x0000000795580000, 0x000000079a080000, 0x00000007c0000000)
  eden space 33280K, 0% used [0x0000000795580000,0x0000000795580000,0x0000000797600000)
  from space 5120K, 99% used [0x0000000797b00000,0x0000000797ffa3c0,0x0000000798000000)
  to   space 5120K, 0% used [0x0000000797600000,0x0000000797600000,0x0000000797b00000)
 ParOldGen       total 87552K, used 759K [0x0000000740000000, 0x0000000745580000, 0x0000000795580000)
  object space 87552K, 0% used [0x0000000740000000,0x00000007400bde68,0x0000000745580000)
 Metaspace       used 11647K, capacity 11832K, committed 11904K, reserved 1058816K
  class space    used 1589K, capacity 1640K, committed 1664K, reserved 1048576K
}
Event: 2.407 GC heap before
{Heap before GC invocations=3 (full 0):
 PSYoungGen      total 38400K, used 38376K [0x0000000795580000, 0x000000079a080000, 0x00000007c0000000)
  eden space 33280K, 100% used [0x0000000795580000,0x0000000797600000,0x0000000797600000)
  from space 5120K, 99% used [0x0000000797b00000,0x0000000797ffa3c0,0x0000000798000000)
  to   space 5120K, 0% used [0x0000000797600000,0x0000000797600000,0x0000000797b00000)
 ParOldGen       total 87552K, used 759K [0x0000000740000000, 0x0000000745580000, 0x0000000795580000)
  object space 87552K, 0% used [0x0000000740000000,0x00000007400bde68,0x0000000745580000)
 Metaspace       used 16911K, capacity 17214K, committed 17280K, reserved 1064960K
  class space    used 2321K, capacity 2410K, committed 2432K, reserved 1048576K
Event: 2.417 GC heap after
Heap after GC invocations=3 (full 0):
 PSYoungGen      total 38400K, used 5088K [0x0000000795580000, 0x000000079a080000, 0x00000007c0000000)
  eden space 33280K, 0% used [0x0000000795580000,0x0000000795580000,0x0000000797600000)
  from space 5120K, 99% used [0x0000000797600000,0x0000000797af8020,0x0000000797b00000)
  to   space 5120K, 0% used [0x0000000799b80000,0x0000000799b80000,0x000000079a080000)
 ParOldGen       total 87552K, used 4625K [0x0000000740000000, 0x0000000745580000, 0x0000000795580000)
  object space 87552K, 5% used [0x0000000740000000,0x0000000740484498,0x0000000745580000)
 Metaspace       used 16911K, capacity 17214K, committed 17280K, reserved 1064960K
  class space    used 2321K, capacity 2410K, committed 2432K, reserved 1048576K
}
Event: 3.127 GC heap before
{Heap before GC invocations=4 (full 0):
 PSYoungGen      total 38400K, used 38368K [0x0000000795580000, 0x000000079a080000, 0x00000007c0000000)
  eden space 33280K, 100% used [0x0000000795580000,0x0000000797600000,0x0000000797600000)
  from space 5120K, 99% used [0x0000000797600000,0x0000000797af8020,0x0000000797b00000)
  to   space 5120K, 0% used [0x0000000799b80000,0x0000000799b80000,0x000000079a080000)
 ParOldGen       total 87552K, used 4625K [0x0000000740000000, 0x0000000745580000, 0x0000000795580000)
  object space 87552K, 5% used [0x0000000740000000,0x0000000740484498,0x0000000745580000)
 Metaspace       used 20441K, capacity 20662K, committed 20864K, reserved 1067008K
  class space    used 2811K, capacity 2896K, committed 2944K, reserved 1048576K
Event: 3.141 GC heap after
Heap after GC invocations=4 (full 0):
 PSYoungGen      total 71680K, used 5104K [0x0000000795580000, 0x000000079a080000, 0x00000007c0000000)
  eden space 66560K, 0% used [0x0000000795580000,0x0000000795580000,0x0000000799680000)
  from space 5120K, 99% used [0x0000000799b80000,0x000000079a07c020,0x000000079a080000)
  to   space 5120K, 0% used [0x0000000799680000,0x0000000799680000,0x0000000799b80000)
 ParOldGen       total 87552K, used 8655K [0x0000000740000000, 0x0000000745580000, 0x0000000795580000)
  object space 87552K, 9% used [0x0000000740000000,0x0000000740873ed0,0x0000000745580000)
 Metaspace       used 20441K, capacity 20662K, committed 20864K, reserved 1067008K
  class space    used 2811K, capacity 2896K, committed 2944K, reserved 1048576K
}
Event: 3.236 GC heap before
{Heap before GC invocations=5 (full 0):
 PSYoungGen      total 71680K, used 13087K [0x0000000795580000, 0x000000079a080000, 0x00000007c0000000)
  eden space 66560K, 11% used [0x0000000795580000,0x0000000795d4bbe0,0x0000000799680000)
  from space 5120K, 99% used [0x0000000799b80000,0x000000079a07c020,0x000000079a080000)
  to   space 5120K, 0% used [0x0000000799680000,0x0000000799680000,0x0000000799b80000)
 ParOldGen       total 87552K, used 8655K [0x0000000740000000, 0x0000000745580000, 0x0000000795580000)
  object space 87552K, 9% used [0x0000000740000000,0x0000000740873ed0,0x0000000745580000)
 Metaspace       used 20828K, capacity 21064K, committed 21248K, reserved 1067008K
  class space    used 2873K, capacity 2966K, committed 3072K, reserved 1048576K
Event: 3.246 GC heap after
Heap after GC invocations=5 (full 0):
 PSYoungGen      total 71680K, used 5088K [0x0000000795580000, 0x000000079ec80000, 0x00000007c0000000)
  eden space 66560K, 0% used [0x0000000795580000,0x0000000795580000,0x0000000799680000)
  from space 5120K, 99% used [0x0000000799680000,0x0000000799b78050,0x0000000799b80000)
  to   space 10752K, 0% used [0x000000079e200000,0x000000079e200000,0x000000079ec80000)
 ParOldGen       total 87552K, used 9151K [0x0000000740000000, 0x0000000745580000, 0x0000000795580000)
  object space 87552K, 10% used [0x0000000740000000,0x00000007408efc38,0x0000000745580000)
 Metaspace       used 20828K, capacity 21064K, committed 21248K, reserved 1067008K
  class space    used 2873K, capacity 2966K, committed 3072K, reserved 1048576K
}
Event: 3.246 GC heap before
{Heap before GC invocations=6 (full 1):
 PSYoungGen      total 71680K, used 5088K [0x0000000795580000, 0x000000079ec80000, 0x00000007c0000000)
  eden space 66560K, 0% used [0x0000000795580000,0x0000000795580000,0x0000000799680000)
  from space 5120K, 99% used [0x0000000799680000,0x0000000799b78050,0x0000000799b80000)
  to   space 10752K, 0% used [0x000000079e200000,0x000000079e200000,0x000000079ec80000)
 ParOldGen       total 87552K, used 9151K [0x0000000740000000, 0x0000000745580000, 0x0000000795580000)
  object space 87552K, 10% used [0x0000000740000000,0x00000007408efc38,0x0000000745580000)
 Metaspace       used 20828K, capacity 21064K, committed 21248K, reserved 1067008K
  class space    used 2873K, capacity 2966K, committed 3072K, reserved 1048576K
Event: 3.287 GC heap after
Heap after GC invocations=6 (full 1):
 PSYoungGen      total 71680K, used 0K [0x0000000795580000, 0x000000079ec80000, 0x00000007c0000000)
  eden space 66560K, 0% used [0x0000000795580000,0x0000000795580000,0x0000000799680000)
  from space 5120K, 0% used [0x0000000799680000,0x0000000799680000,0x0000000799b80000)
  to   space 10752K, 0% used [0x000000079e200000,0x000000079e200000,0x000000079ec80000)
 ParOldGen       total 55808K, used 7711K [0x0000000740000000, 0x0000000743680000, 0x0000000795580000)
  object space 55808K, 13% used [0x0000000740000000,0x0000000740787c10,0x0000000743680000)
 Metaspace       used 20828K, capacity 21064K, committed 21248K, reserved 1067008K
  class space    used 2873K, capacity 2966K, committed 3072K, reserved 1048576K
}

