# JRE version: Java(TM) SE Runtime Environment (8.0_162-b12) (build 1.8.0_162-b12)
# Java VM: Java HotSpot(TM) 64-Bit Server VM (25.162-b12 mixed mode bsd-amd64 compressed oops)
Heap:
 PSYoungGen      total 201216K, used 35599K [0x0000000795580000, 0x00000007a6500000, 0x00000007c0000000)
  eden space 178176K, 19% used [0x0000000795580000,0x0000000797843d40,0x00000007a0380000)
  from space 23040K, 0% used [0x00000007a0380000,0x00000007a0380000,0x00000007a1a00000)
  to   space 23040K, 0% used [0x00000007a4e80000,0x00000007a4e80000,0x00000007a6500000)
 ParOldGen       total 135168K, used 42174K [0x0000000740000000, 0x0000000748400000, 0x0000000795580000)
  object space 135168K, 31% used [0x0000000740000000,0x000000074292f8d0,0x0000000748400000)
 Metaspace       used 58388K, capacity 59992K, committed 60120K, reserved 1101824K
  class space    used 7935K, capacity 8370K, committed 8408K, reserved 1048576K
GC Heap History (10 events):
Event: 16.787 GC heap before
{Heap before GC invocations=12 (full 2):
 PSYoungGen      total 123904K, used 112640K [0x0000000795580000, 0x00000007a1300000, 0x00000007c0000000)
  eden space 112640K, 100% used [0x0000000795580000,0x000000079c380000,0x000000079c380000)
  from space 11264K, 0% used [0x000000079c380000,0x000000079c380000,0x000000079ce80000)
  to   space 12288K, 0% used [0x00000007a0700000,0x00000007a0700000,0x00000007a1300000)
 ParOldGen       total 80896K, used 19079K [0x0000000740000000, 0x0000000744f00000, 0x0000000795580000)
  object space 80896K, 23% used [0x0000000740000000,0x00000007412a1db8,0x0000000744f00000)
 Metaspace       used 42448K, capacity 43422K, committed 43608K, reserved 1087488K
  class space    used 5841K, capacity 6165K, committed 6232K, reserved 1048576K
Event: 16.806 GC heap after
Heap after GC invocations=12 (full 2):
 PSYoungGen      total 154112K, used 10406K [0x0000000795580000, 0x00000007a1180000, 0x00000007c0000000)
  eden space 143360K, 0% used [0x0000000795580000,0x0000000795580000,0x000000079e180000)
  from space 10752K, 96% used [0x00000007a0700000,0x00000007a1129970,0x00000007a1180000)
  to   space 12800K, 0% used [0x000000079f880000,0x000000079f880000,0x00000007a0500000)
 ParOldGen       total 80896K, used 19087K [0x0000000740000000, 0x0000000744f00000, 0x0000000795580000)
  object space 80896K, 23% used [0x0000000740000000,0x00000007412a3db8,0x0000000744f00000)
 Metaspace       used 42448K, capacity 43422K, committed 43608K, reserved 1087488K
  class space    used 5841K, capacity 6165K, committed 6232K, reserved 1048576K
}
Event: 18.588 GC heap before
{Heap before GC invocations=13 (full 2):
 PSYoungGen      total 154112K, used 153766K [0x0000000795580000, 0x00000007a1180000, 0x00000007c0000000)
  eden space 143360K, 100% used [0x0000000795580000,0x000000079e180000,0x000000079e180000)
  from space 10752K, 96% used [0x00000007a0700000,0x00000007a1129970,0x00000007a1180000)
  to   space 12800K, 0% used [0x000000079f880000,0x000000079f880000,0x00000007a0500000)
 ParOldGen       total 80896K, used 19087K [0x0000000740000000, 0x0000000744f00000, 0x0000000795580000)
  object space 80896K, 23% used [0x0000000740000000,0x00000007412a3db8,0x0000000744f00000)
 Metaspace       used 49891K, capacity 51240K, committed 51416K, reserved 1093632K
  class space    used 6910K, capacity 7294K, committed 7384K, reserved 1048576K
Event: 18.637 GC heap after
Heap after GC invocations=13 (full 2):
 PSYoungGen      total 179712K, used 12768K [0x0000000795580000, 0x00000007a2a80000, 0x00000007c0000000)
  eden space 166912K, 0% used [0x0000000795580000,0x0000000795580000,0x000000079f880000)
  from space 12800K, 99% used [0x000000079f880000,0x00000007a04f8230,0x00000007a0500000)
  to   space 16896K, 0% used [0x00000007a1a00000,0x00000007a1a00000,0x00000007a2a80000)
 ParOldGen       total 80896K, used 25320K [0x0000000740000000, 0x0000000744f00000, 0x0000000795580000)
  object space 80896K, 31% used [0x0000000740000000,0x00000007418ba038,0x0000000744f00000)
 Metaspace       used 49891K, capacity 51240K, committed 51416K, reserved 1093632K
  class space    used 6910K, capacity 7294K, committed 7384K, reserved 1048576K
}
Event: 20.861 GC heap before
{Heap before GC invocations=14 (full 2):
 PSYoungGen      total 179712K, used 179680K [0x0000000795580000, 0x00000007a2a80000, 0x00000007c0000000)
  eden space 166912K, 100% used [0x0000000795580000,0x000000079f880000,0x000000079f880000)
  from space 12800K, 99% used [0x000000079f880000,0x00000007a04f8230,0x00000007a0500000)
  to   space 16896K, 0% used [0x00000007a1a00000,0x00000007a1a00000,0x00000007a2a80000)
 ParOldGen       total 80896K, used 25320K [0x0000000740000000, 0x0000000744f00000, 0x0000000795580000)
  object space 80896K, 31% used [0x0000000740000000,0x00000007418ba038,0x0000000744f00000)
 Metaspace       used 52993K, capacity 54620K, committed 54872K, reserved 1095680K
  class space    used 7269K, capacity 7718K, committed 7768K, reserved 1048576K
Event: 20.937 GC heap after
Heap after GC invocations=14 (full 2):
 PSYoungGen      total 195072K, used 16893K [0x0000000795580000, 0x00000007a5700000, 0x00000007c0000000)
  eden space 178176K, 0% used [0x0000000795580000,0x0000000795580000,0x00000007a0380000)
  from space 16896K, 99% used [0x00000007a1a00000,0x00000007a2a7f770,0x00000007a2a80000)
  to   space 23040K, 0% used [0x00000007a0380000,0x00000007a0380000,0x00000007a1a00000)
 ParOldGen       total 80896K, used 36115K [0x0000000740000000, 0x0000000744f00000, 0x0000000795580000)
  object space 80896K, 44% used [0x0000000740000000,0x0000000742344c70,0x0000000744f00000)
 Metaspace       used 52993K, capacity 54620K, committed 54872K, reserved 1095680K
  class space    used 7269K, capacity 7718K, committed 7768K, reserved 1048576K
}
Event: 25.369 GC heap before
{Heap before GC invocations=15 (full 2):
 PSYoungGen      total 195072K, used 153997K [0x0000000795580000, 0x00000007a5700000, 0x00000007c0000000)
  eden space 178176K, 76% used [0x0000000795580000,0x000000079db63e60,0x00000007a0380000)
  from space 16896K, 99% used [0x00000007a1a00000,0x00000007a2a7f770,0x00000007a2a80000)
  to   space 23040K, 0% used [0x00000007a0380000,0x00000007a0380000,0x00000007a1a00000)
 ParOldGen       total 80896K, used 36115K [0x0000000740000000, 0x0000000744f00000, 0x0000000795580000)
  object space 80896K, 44% used [0x0000000740000000,0x0000000742344c70,0x0000000744f00000)
 Metaspace       used 57320K, capacity 58942K, committed 58968K, reserved 1099776K
  class space    used 7854K, capacity 8275K, committed 8280K, reserved 1048576K
Event: 25.476 GC heap after
Heap after GC invocations=15 (full 2):
 PSYoungGen      total 201216K, used 4055K [0x0000000795580000, 0x00000007a6500000, 0x00000007c0000000)
  eden space 178176K, 0% used [0x0000000795580000,0x0000000795580000,0x00000007a0380000)
  from space 23040K, 17% used [0x00000007a0380000,0x00000007a0775f98,0x00000007a1a00000)
  to   space 23040K, 0% used [0x00000007a4e80000,0x00000007a4e80000,0x00000007a6500000)
 ParOldGen       total 80896K, used 51971K [0x0000000740000000, 0x0000000744f00000, 0x0000000795580000)
  object space 80896K, 64% used [0x0000000740000000,0x00000007432c0e70,0x0000000744f00000)
 Metaspace       used 57320K, capacity 58942K, committed 58968K, reserved 1099776K
  class space    used 7854K, capacity 8275K, committed 8280K, reserved 1048576K
}
Event: 25.476 GC heap before
{Heap before GC invocations=16 (full 3):
 PSYoungGen      total 201216K, used 4055K [0x0000000795580000, 0x00000007a6500000, 0x00000007c0000000)
  eden space 178176K, 0% used [0x0000000795580000,0x0000000795580000,0x00000007a0380000)
  from space 23040K, 17% used [0x00000007a0380000,0x00000007a0775f98,0x00000007a1a00000)
  to   space 23040K, 0% used [0x00000007a4e80000,0x00000007a4e80000,0x00000007a6500000)
 ParOldGen       total 80896K, used 51971K [0x0000000740000000, 0x0000000744f00000, 0x0000000795580000)
  object space 80896K, 64% used [0x0000000740000000,0x00000007432c0e70,0x0000000744f00000)
 Metaspace       used 57320K, capacity 58942K, committed 58968K, reserved 1099776K
  class space    used 7854K, capacity 8275K, committed 8280K, reserved 1048576K
Event: 26.295 GC heap after
Heap after GC invocations=16 (full 3):
 PSYoungGen      total 201216K, used 0K [0x0000000795580000, 0x00000007a6500000, 0x00000007c0000000)
  eden space 178176K, 0% used [0x0000000795580000,0x0000000795580000,0x00000007a0380000)
  from space 23040K, 0% used [0x00000007a0380000,0x00000007a0380000,0x00000007a1a00000)
  to   space 23040K, 0% used [0x00000007a4e80000,0x00000007a4e80000,0x00000007a6500000)
 ParOldGen       total 135168K, used 42174K [0x0000000740000000, 0x0000000748400000, 0x0000000795580000)
  object space 135168K, 31% used [0x0000000740000000,0x000000074292f8d0,0x0000000748400000)
 Metaspace       used 57318K, capacity 58936K, committed 58968K, reserved 1099776K
  class space    used 7853K, capacity 8274K, committed 8280K, reserved 1048576K
}

