# JRE version: Java(TM) SE Runtime Environment (8.0_162-b12) (build 1.8.0_162-b12)
# Java VM: Java HotSpot(TM) 64-Bit Server VM (25.162-b12 mixed mode bsd-amd64 compressed oops)
Heap:
 PSYoungGen      total 174592K, used 167714K [0x0000000795580000, 0x00000007a2100000, 0x00000007c0000000)
  eden space 161792K, 95% used [0x0000000795580000,0x000000079ecd0610,0x000000079f380000)
  from space 12800K, 99% used [0x000000079f380000,0x000000079fff8220,0x00000007a0000000)
  to   space 16384K, 0% used [0x00000007a1100000,0x00000007a1100000,0x00000007a2100000)
 ParOldGen       total 82944K, used 24971K [0x0000000740000000, 0x0000000745100000, 0x0000000795580000)
  object space 82944K, 30% used [0x0000000740000000,0x0000000741862d28,0x0000000745100000)
 Metaspace       used 53257K, capacity 54838K, committed 54872K, reserved 1095680K
  class space    used 7297K, capacity 7749K, committed 7768K, reserved 1048576K
GC Heap History (10 events):
Event: 15.500 GC heap before
{Heap before GC invocations=9 (full 1):
 PSYoungGen      total 71680K, used 66703K [0x0000000795580000, 0x000000079d580000, 0x00000007c0000000)
  eden space 60928K, 100% used [0x0000000795580000,0x0000000799100000,0x0000000799100000)
  from space 10752K, 53% used [0x0000000799100000,0x00000007996a3d38,0x0000000799b80000)
  to   space 10240K, 0% used [0x000000079cb80000,0x000000079cb80000,0x000000079d580000)
 ParOldGen       total 51712K, used 7791K [0x0000000740000000, 0x0000000743280000, 0x0000000795580000)
  object space 51712K, 15% used [0x0000000740000000,0x000000074079be00,0x0000000743280000)
 Metaspace       used 31299K, capacity 31768K, committed 32256K, reserved 1077248K
  class space    used 4301K, capacity 4487K, committed 4608K, reserved 1048576K
Event: 15.513 GC heap after
Heap after GC invocations=9 (full 1):
 PSYoungGen      total 119808K, used 8909K [0x0000000795580000, 0x000000079d700000, 0x00000007c0000000)
  eden space 109568K, 0% used [0x0000000795580000,0x0000000795580000,0x000000079c080000)
  from space 10240K, 87% used [0x000000079cb80000,0x000000079d433758,0x000000079d580000)
  to   space 11264K, 0% used [0x000000079c080000,0x000000079c080000,0x000000079cb80000)
 ParOldGen       total 51712K, used 7799K [0x0000000740000000, 0x0000000743280000, 0x0000000795580000)
  object space 51712K, 15% used [0x0000000740000000,0x000000074079de00,0x0000000743280000)
 Metaspace       used 31299K, capacity 31768K, committed 32256K, reserved 1077248K
  class space    used 4301K, capacity 4487K, committed 4608K, reserved 1048576K
}
Event: 16.172 GC heap before
{Heap before GC invocations=10 (full 1):
 PSYoungGen      total 119808K, used 52659K [0x0000000795580000, 0x000000079d700000, 0x00000007c0000000)
  eden space 109568K, 39% used [0x0000000795580000,0x00000007980395d8,0x000000079c080000)
  from space 10240K, 87% used [0x000000079cb80000,0x000000079d433758,0x000000079d580000)
  to   space 11264K, 0% used [0x000000079c080000,0x000000079c080000,0x000000079cb80000)
 ParOldGen       total 51712K, used 7799K [0x0000000740000000, 0x0000000743280000, 0x0000000795580000)
  object space 51712K, 15% used [0x0000000740000000,0x000000074079de00,0x0000000743280000)
 Metaspace       used 34522K, capacity 35202K, committed 35416K, reserved 1079296K
  class space    used 4759K, capacity 4926K, committed 4952K, reserved 1048576K
Event: 16.195 GC heap after
Heap after GC invocations=10 (full 1):
 PSYoungGen      total 120832K, used 10568K [0x0000000795580000, 0x00000007a0e80000, 0x00000007c0000000)
  eden space 109568K, 0% used [0x0000000795580000,0x0000000795580000,0x000000079c080000)
  from space 11264K, 93% used [0x000000079c080000,0x000000079cad2348,0x000000079cb80000)
  to   space 12288K, 0% used [0x00000007a0280000,0x00000007a0280000,0x00000007a0e80000)
 ParOldGen       total 51712K, used 9092K [0x0000000740000000, 0x0000000743280000, 0x0000000795580000)
  object space 51712K, 17% used [0x0000000740000000,0x00000007408e1220,0x0000000743280000)
 Metaspace       used 34522K, capacity 35202K, committed 35416K, reserved 1079296K
  class space    used 4759K, capacity 4926K, committed 4952K, reserved 1048576K
}
Event: 16.195 GC heap before
{Heap before GC invocations=11 (full 2):
 PSYoungGen      total 120832K, used 10568K [0x0000000795580000, 0x00000007a0e80000, 0x00000007c0000000)
  eden space 109568K, 0% used [0x0000000795580000,0x0000000795580000,0x000000079c080000)
  from space 11264K, 93% used [0x000000079c080000,0x000000079cad2348,0x000000079cb80000)
  to   space 12288K, 0% used [0x00000007a0280000,0x00000007a0280000,0x00000007a0e80000)
 ParOldGen       total 51712K, used 9092K [0x0000000740000000, 0x0000000743280000, 0x0000000795580000)
  object space 51712K, 17% used [0x0000000740000000,0x00000007408e1220,0x0000000743280000)
 Metaspace       used 34522K, capacity 35202K, committed 35416K, reserved 1079296K
  class space    used 4759K, capacity 4926K, committed 4952K, reserved 1048576K
Event: 16.340 GC heap after
Heap after GC invocations=11 (full 2):
 PSYoungGen      total 120832K, used 0K [0x0000000795580000, 0x00000007a0e80000, 0x00000007c0000000)
  eden space 109568K, 0% used [0x0000000795580000,0x0000000795580000,0x000000079c080000)
  from space 11264K, 0% used [0x000000079c080000,0x000000079c080000,0x000000079cb80000)
  to   space 12288K, 0% used [0x00000007a0280000,0x00000007a0280000,0x00000007a0e80000)
 ParOldGen       total 82944K, used 19075K [0x0000000740000000, 0x0000000745100000, 0x0000000795580000)
  object space 82944K, 22% used [0x0000000740000000,0x00000007412a0c00,0x0000000745100000)
 Metaspace       used 34522K, capacity 35202K, committed 35416K, reserved 1079296K
  class space    used 4759K, capacity 4926K, committed 4952K, reserved 1048576K
}
Event: 18.140 GC heap before
{Heap before GC invocations=12 (full 2):
 PSYoungGen      total 120832K, used 109568K [0x0000000795580000, 0x00000007a0e80000, 0x00000007c0000000)
  eden space 109568K, 100% used [0x0000000795580000,0x000000079c080000,0x000000079c080000)
  from space 11264K, 0% used [0x000000079c080000,0x000000079c080000,0x000000079cb80000)
  to   space 12288K, 0% used [0x00000007a0280000,0x00000007a0280000,0x00000007a0e80000)
 ParOldGen       total 82944K, used 19075K [0x0000000740000000, 0x0000000745100000, 0x0000000795580000)
  object space 82944K, 22% used [0x0000000740000000,0x00000007412a0c00,0x0000000745100000)
 Metaspace       used 42214K, capacity 43170K, committed 43480K, reserved 1087488K
  class space    used 5802K, capacity 6101K, committed 6104K, reserved 1048576K
Event: 18.160 GC heap after
Heap after GC invocations=12 (full 2):
 PSYoungGen      total 148992K, used 10081K [0x0000000795580000, 0x00000007a0c80000, 0x00000007c0000000)
  eden space 138752K, 0% used [0x0000000795580000,0x0000000795580000,0x000000079dd00000)
  from space 10240K, 98% used [0x00000007a0280000,0x00000007a0c58440,0x00000007a0c80000)
  to   space 12800K, 0% used [0x000000079f380000,0x000000079f380000,0x00000007a0000000)
 ParOldGen       total 82944K, used 19147K [0x0000000740000000, 0x0000000745100000, 0x0000000795580000)
  object space 82944K, 23% used [0x0000000740000000,0x00000007412b2c10,0x0000000745100000)
 Metaspace       used 42214K, capacity 43170K, committed 43480K, reserved 1087488K
  class space    used 5802K, capacity 6101K, committed 6104K, reserved 1048576K
}
Event: 20.162 GC heap before
{Heap before GC invocations=13 (full 2):
 PSYoungGen      total 148992K, used 148833K [0x0000000795580000, 0x00000007a0c80000, 0x00000007c0000000)
  eden space 138752K, 100% used [0x0000000795580000,0x000000079dd00000,0x000000079dd00000)
  from space 10240K, 98% used [0x00000007a0280000,0x00000007a0c58440,0x00000007a0c80000)
  to   space 12800K, 0% used [0x000000079f380000,0x000000079f380000,0x00000007a0000000)
 ParOldGen       total 82944K, used 19147K [0x0000000740000000, 0x0000000745100000, 0x0000000795580000)
  object space 82944K, 23% used [0x0000000740000000,0x00000007412b2c10,0x0000000745100000)
 Metaspace       used 49601K, capacity 51016K, committed 51160K, reserved 1093632K
  class space    used 6865K, capacity 7262K, committed 7384K, reserved 1048576K
Event: 20.200 GC heap after
Heap after GC invocations=13 (full 2):
 PSYoungGen      total 174592K, used 12768K [0x0000000795580000, 0x00000007a2100000, 0x00000007c0000000)
  eden space 161792K, 0% used [0x0000000795580000,0x0000000795580000,0x000000079f380000)
  from space 12800K, 99% used [0x000000079f380000,0x000000079fff8220,0x00000007a0000000)
  to   space 16384K, 0% used [0x00000007a1100000,0x00000007a1100000,0x00000007a2100000)
 ParOldGen       total 82944K, used 24971K [0x0000000740000000, 0x0000000745100000, 0x0000000795580000)
  object space 82944K, 30% used [0x0000000740000000,0x0000000741862d28,0x0000000745100000)
 Metaspace       used 49601K, capacity 51016K, committed 51160K, reserved 1093632K
  class space    used 6865K, capacity 7262K, committed 7384K, reserved 1048576K
}

