# JRE version: Java(TM) SE Runtime Environment (8.0_162-b12) (build 1.8.0_162-b12)
# Java VM: Java HotSpot(TM) 64-Bit Server VM (25.162-b12 mixed mode bsd-amd64 compressed oops)
Heap:
 PSYoungGen      total 237056K, used 171637K [0x0000000795580000, 0x00000007a4f00000, 0x00000007c0000000)
  eden space 222208K, 77% used [0x0000000795580000,0x000000079fd1d598,0x00000007a2e80000)
  from space 14848K, 0% used [0x00000007a3e00000,0x00000007a3e00000,0x00000007a4c80000)
  to   space 15872K, 0% used [0x00000007a2e80000,0x00000007a2e80000,0x00000007a3e00000)
 ParOldGen       total 91136K, used 20179K [0x0000000740000000, 0x0000000745900000, 0x0000000795580000)
  object space 91136K, 22% used [0x0000000740000000,0x00000007413b4d50,0x0000000745900000)
 Metaspace       used 45409K, capacity 46632K, committed 46936K, reserved 1089536K
  class space    used 6295K, capacity 6654K, committed 6744K, reserved 1048576K
GC Heap History (10 events):
Event: 3.203 GC heap before
{Heap before GC invocations=4 (full 0):
 PSYoungGen      total 71680K, used 11684K [0x0000000795580000, 0x000000079e180000, 0x00000007c0000000)
  eden space 66560K, 9% used [0x0000000795580000,0x0000000795bed048,0x0000000799680000)
  from space 5120K, 99% used [0x0000000799680000,0x0000000799b7c040,0x0000000799b80000)
  to   space 5120K, 0% used [0x000000079dc80000,0x000000079dc80000,0x000000079e180000)
 ParOldGen       total 87552K, used 8394K [0x0000000740000000, 0x0000000745580000, 0x0000000795580000)
  object space 87552K, 9% used [0x0000000740000000,0x0000000740832b88,0x0000000745580000)
 Metaspace       used 20855K, capacity 21064K, committed 21248K, reserved 1067008K
  class space    used 2876K, capacity 2966K, committed 3072K, reserved 1048576K
Event: 3.211 GC heap after
Heap after GC invocations=4 (full 0):
 PSYoungGen      total 138240K, used 5088K [0x0000000795580000, 0x000000079e180000, 0x00000007c0000000)
  eden space 133120K, 0% used [0x0000000795580000,0x0000000795580000,0x000000079d780000)
  from space 5120K, 99% used [0x000000079dc80000,0x000000079e178030,0x000000079e180000)
  to   space 5120K, 0% used [0x000000079d780000,0x000000079d780000,0x000000079dc80000)
 ParOldGen       total 87552K, used 8981K [0x0000000740000000, 0x0000000745580000, 0x0000000795580000)
  object space 87552K, 10% used [0x0000000740000000,0x00000007408c5508,0x0000000745580000)
 Metaspace       used 20855K, capacity 21064K, committed 21248K, reserved 1067008K
  class space    used 2876K, capacity 2966K, committed 3072K, reserved 1048576K
}
Event: 3.211 GC heap before
{Heap before GC invocations=5 (full 1):
 PSYoungGen      total 138240K, used 5088K [0x0000000795580000, 0x000000079e180000, 0x00000007c0000000)
  eden space 133120K, 0% used [0x0000000795580000,0x0000000795580000,0x000000079d780000)
  from space 5120K, 99% used [0x000000079dc80000,0x000000079e178030,0x000000079e180000)
  to   space 5120K, 0% used [0x000000079d780000,0x000000079d780000,0x000000079dc80000)
 ParOldGen       total 87552K, used 8981K [0x0000000740000000, 0x0000000745580000, 0x0000000795580000)
  object space 87552K, 10% used [0x0000000740000000,0x00000007408c5508,0x0000000745580000)
 Metaspace       used 20855K, capacity 21064K, committed 21248K, reserved 1067008K
  class space    used 2876K, capacity 2966K, committed 3072K, reserved 1048576K
Event: 3.248 GC heap after
Heap after GC invocations=5 (full 1):
 PSYoungGen      total 138240K, used 0K [0x0000000795580000, 0x000000079e180000, 0x00000007c0000000)
  eden space 133120K, 0% used [0x0000000795580000,0x0000000795580000,0x000000079d780000)
  from space 5120K, 0% used [0x000000079dc80000,0x000000079dc80000,0x000000079e180000)
  to   space 5120K, 0% used [0x000000079d780000,0x000000079d780000,0x000000079dc80000)
 ParOldGen       total 58880K, used 8394K [0x0000000740000000, 0x0000000743980000, 0x0000000795580000)
  object space 58880K, 14% used [0x0000000740000000,0x0000000740832898,0x0000000743980000)
 Metaspace       used 20855K, capacity 21064K, committed 21248K, reserved 1067008K
  class space    used 2876K, capacity 2966K, committed 3072K, reserved 1048576K
}
Event: 5.685 GC heap before
{Heap before GC invocations=6 (full 1):
 PSYoungGen      total 138240K, used 133120K [0x0000000795580000, 0x000000079e180000, 0x00000007c0000000)
  eden space 133120K, 100% used [0x0000000795580000,0x000000079d780000,0x000000079d780000)
  from space 5120K, 0% used [0x000000079dc80000,0x000000079dc80000,0x000000079e180000)
  to   space 5120K, 0% used [0x000000079d780000,0x000000079d780000,0x000000079dc80000)
 ParOldGen       total 58880K, used 8394K [0x0000000740000000, 0x0000000743980000, 0x0000000795580000)
  object space 58880K, 14% used [0x0000000740000000,0x0000000740832898,0x0000000743980000)
 Metaspace       used 30968K, capacity 31512K, committed 32000K, reserved 1077248K
  class space    used 4283K, capacity 4487K, committed 4608K, reserved 1048576K
Event: 5.713 GC heap after
Heap after GC invocations=6 (full 1):
 PSYoungGen      total 138240K, used 5105K [0x0000000795580000, 0x00000007a4c80000, 0x00000007c0000000)
  eden space 133120K, 0% used [0x0000000795580000,0x0000000795580000,0x000000079d780000)
  from space 5120K, 99% used [0x000000079d780000,0x000000079dc7c7c8,0x000000079dc80000)
  to   space 14848K, 0% used [0x00000007a3e00000,0x00000007a3e00000,0x00000007a4c80000)
 ParOldGen       total 58880K, used 15259K [0x0000000740000000, 0x0000000743980000, 0x0000000795580000)
  object space 58880K, 25% used [0x0000000740000000,0x0000000740ee6cd8,0x0000000743980000)
 Metaspace       used 30968K, capacity 31512K, committed 32000K, reserved 1077248K
  class space    used 4283K, capacity 4487K, committed 4608K, reserved 1048576K
}
Event: 6.604 GC heap before
{Heap before GC invocations=7 (full 1):
 PSYoungGen      total 138240K, used 76868K [0x0000000795580000, 0x00000007a4c80000, 0x00000007c0000000)
  eden space 133120K, 53% used [0x0000000795580000,0x0000000799b94b58,0x000000079d780000)
  from space 5120K, 99% used [0x000000079d780000,0x000000079dc7c7c8,0x000000079dc80000)
  to   space 14848K, 0% used [0x00000007a3e00000,0x00000007a3e00000,0x00000007a4c80000)
 ParOldGen       total 58880K, used 15259K [0x0000000740000000, 0x0000000743980000, 0x0000000795580000)
  object space 58880K, 25% used [0x0000000740000000,0x0000000740ee6cd8,0x0000000743980000)
 Metaspace       used 34551K, capacity 35202K, committed 35416K, reserved 1079296K
  class space    used 4760K, capacity 4926K, committed 4952K, reserved 1048576K
Event: 6.628 GC heap after
Heap after GC invocations=7 (full 1):
 PSYoungGen      total 237056K, used 11969K [0x0000000795580000, 0x00000007a4f00000, 0x00000007c0000000)
  eden space 222208K, 0% used [0x0000000795580000,0x0000000795580000,0x00000007a2e80000)
  from space 14848K, 80% used [0x00000007a3e00000,0x00000007a49b07d0,0x00000007a4c80000)
  to   space 15872K, 0% used [0x00000007a2e80000,0x00000007a2e80000,0x00000007a3e00000)
 ParOldGen       total 58880K, used 15267K [0x0000000740000000, 0x0000000743980000, 0x0000000795580000)
  object space 58880K, 25% used [0x0000000740000000,0x0000000740ee8cd8,0x0000000743980000)
 Metaspace       used 34551K, capacity 35202K, committed 35416K, reserved 1079296K
  class space    used 4760K, capacity 4926K, committed 4952K, reserved 1048576K
}
Event: 6.628 GC heap before
{Heap before GC invocations=8 (full 2):
 PSYoungGen      total 237056K, used 11969K [0x0000000795580000, 0x00000007a4f00000, 0x00000007c0000000)
  eden space 222208K, 0% used [0x0000000795580000,0x0000000795580000,0x00000007a2e80000)
  from space 14848K, 80% used [0x00000007a3e00000,0x00000007a49b07d0,0x00000007a4c80000)
  to   space 15872K, 0% used [0x00000007a2e80000,0x00000007a2e80000,0x00000007a3e00000)
 ParOldGen       total 58880K, used 15267K [0x0000000740000000, 0x0000000743980000, 0x0000000795580000)
  object space 58880K, 25% used [0x0000000740000000,0x0000000740ee8cd8,0x0000000743980000)
 Metaspace       used 34551K, capacity 35202K, committed 35416K, reserved 1079296K
  class space    used 4760K, capacity 4926K, committed 4952K, reserved 1048576K
Event: 6.709 GC heap after
Heap after GC invocations=8 (full 2):
 PSYoungGen      total 237056K, used 0K [0x0000000795580000, 0x00000007a4f00000, 0x00000007c0000000)
  eden space 222208K, 0% used [0x0000000795580000,0x0000000795580000,0x00000007a2e80000)
  from space 14848K, 0% used [0x00000007a3e00000,0x00000007a3e00000,0x00000007a4c80000)
  to   space 15872K, 0% used [0x00000007a2e80000,0x00000007a2e80000,0x00000007a3e00000)
 ParOldGen       total 91136K, used 20179K [0x0000000740000000, 0x0000000745900000, 0x0000000795580000)
  object space 91136K, 22% used [0x0000000740000000,0x00000007413b4d50,0x0000000745900000)
 Metaspace       used 34551K, capacity 35202K, committed 35416K, reserved 1079296K
  class space    used 4760K, capacity 4926K, committed 4952K, reserved 1048576K
}

